<?xml version="1.0" encoding="UTF-8"?>
<!-- Generated by org.testng.reporters.JUnitReportReporter -->
<testsuite hostname="DESKTOP-C7ALN6B" failures="0" tests="1" name="com.qc.pom.tests.POMTest" time="2.145" errors="0" timestamp="2024-02-26T19:52:08 IST" skipped="0">
  <testcase classname="com.qc.pom.tests.POMTest" name="doLogin" time="2.145"/>
  <system-out/>
</testsuite> <!-- com.qc.pom.tests.POMTest -->
